#
# There is insufficient memory for the Java Runtime Environment to continue.
# Native memory allocation (mmap) failed to map 23068672 bytes for G1 virtual space
# Possible reasons:
#   The system is out of physical RAM or swap space
#   The process is running with CompressedOops enabled, and the Java Heap may be blocking the growth of the native heap
# Possible solutions:
#   Reduce memory load on the system
#   Increase physical memory or swap space
#   Check if swap backing store is full
#   Decrease Java heap size (-Xmx/-Xms)
#   Decrease number of Java threads
#   Decrease Java thread stack sizes (-Xss)
#   Set larger code cache with -XX:ReservedCodeCacheSize=
#   JVM is running with Zero Based Compressed Oops mode in which the Java heap is
#     placed in the first 32GB address space. The Java Heap base address is the
#     maximum limit for the native heap growth. Please use -XX:HeapBaseMinAddress
#     to set the Java Heap base and to place the Java Heap above 32GB virtual address.
# This output file may be truncated or incomplete.
#
#  Out of Memory Error (os_windows.cpp:3769), pid=10876, tid=17172
#
# JRE version: OpenJDK Runtime Environment (17.0.6) (build 17.0.6+0-b2043.56-10027231)
# Java VM: OpenJDK 64-Bit Server VM (17.0.6+0-b2043.56-10027231, mixed mode, tiered, compressed oops, compressed class ptrs, g1 gc, windows-amd64)
# No core dump will be written. Minidumps are not enabled by default on client versions of Windows
#

---------------  S U M M A R Y ------------

Command Line: org.jetbrains.kotlin.cli.jvm.K2JVMCompiler @E:\Jetpack compose\jajanmania-mobile\ui\build\20231118_18182141642716879296.compiler.options

Host: Intel(R) Core(TM) i5-9300H CPU @ 2.40GHz, 8 cores, 15G,  Windows 10 , 64 bit Build 21996 (10.0.21996.1)
Time: Sat Nov 18 02:45:08 2023 SE Asia Standard Time elapsed time: 32.002545 seconds (0d 0h 0m 32s)

---------------  T H R E A D  ---------------

Current thread (0x0000026dc4c35740):  VMThread "VM Thread" [stack: 0x000000c1ade00000,0x000000c1adf00000] [id=17172]

Stack: [0x000000c1ade00000,0x000000c1adf00000]
Native frames: (J=compiled Java code, j=interpreted, Vv=VM code, C=native code)
V  [jvm.dll+0x683c9a]
V  [jvm.dll+0x8427a4]
V  [jvm.dll+0x843f9e]
V  [jvm.dll+0x844603]
V  [jvm.dll+0x249b75]
V  [jvm.dll+0x680b69]
V  [jvm.dll+0x67505a]
V  [jvm.dll+0x309acb]
V  [jvm.dll+0x310f86]
V  [jvm.dll+0x3608ee]
V  [jvm.dll+0x360b1f]
V  [jvm.dll+0x2dfbf8]
V  [jvm.dll+0x2e2ce6]
V  [jvm.dll+0x2ed478]
V  [jvm.dll+0x322150]
V  [jvm.dll+0x848ccb]
V  [jvm.dll+0x849a04]
V  [jvm.dll+0x849f1d]
V  [jvm.dll+0x84a2f4]
V  [jvm.dll+0x84a3c0]
V  [jvm.dll+0x7f274a]
V  [jvm.dll+0x682ad5]
C  [ucrtbase.dll+0x26c0c]
C  [KERNEL32.DLL+0x154e0]
C  [ntdll.dll+0x485b]

VM_Operation (0x000000c1adaff3a0): G1Concurrent, mode: safepoint, requested by thread 0x0000026da587c790


---------------  P R O C E S S  ---------------

Threads class SMR info:
_java_thread_list=0x0000026dc71e0ac0, length=13, elements={
0x0000026da57fcdd0, 0x0000026dc413c1e0, 0x0000026dc413d050, 0x0000026dc4c89c80,
0x0000026dc4c8b640, 0x0000026dc4c8c790, 0x0000026dc4c8d8e0, 0x0000026dc4c915d0,
0x0000026dc4ca4e30, 0x0000026dc4ca7c20, 0x0000026dc4dffa90, 0x0000026dc4e17010,
0x0000026dcc28d590
}

Java Threads: ( => current thread )
  0x0000026da57fcdd0 JavaThread "main" [_thread_blocked, id=516, stack(0x000000c1ad800000,0x000000c1ad900000)]
  0x0000026dc413c1e0 JavaThread "Reference Handler" daemon [_thread_blocked, id=20308, stack(0x000000c1adf00000,0x000000c1ae000000)]
  0x0000026dc413d050 JavaThread "Finalizer" daemon [_thread_blocked, id=19612, stack(0x000000c1ae000000,0x000000c1ae100000)]
  0x0000026dc4c89c80 JavaThread "Signal Dispatcher" daemon [_thread_blocked, id=14352, stack(0x000000c1ae100000,0x000000c1ae200000)]
  0x0000026dc4c8b640 JavaThread "Attach Listener" daemon [_thread_blocked, id=7796, stack(0x000000c1ae200000,0x000000c1ae300000)]
  0x0000026dc4c8c790 JavaThread "Service Thread" daemon [_thread_blocked, id=20060, stack(0x000000c1ae300000,0x000000c1ae400000)]
  0x0000026dc4c8d8e0 JavaThread "Monitor Deflation Thread" daemon [_thread_blocked, id=5596, stack(0x000000c1ae400000,0x000000c1ae500000)]
  0x0000026dc4c915d0 JavaThread "C2 CompilerThread0" daemon [_thread_blocked, id=18360, stack(0x000000c1ae500000,0x000000c1ae600000)]
  0x0000026dc4ca4e30 JavaThread "C1 CompilerThread0" daemon [_thread_blocked, id=5732, stack(0x000000c1ae600000,0x000000c1ae700000)]
  0x0000026dc4ca7c20 JavaThread "Sweeper thread" daemon [_thread_blocked, id=7780, stack(0x000000c1ae700000,0x000000c1ae800000)]
  0x0000026dc4dffa90 JavaThread "Notification Thread" daemon [_thread_blocked, id=4680, stack(0x000000c1ae800000,0x000000c1ae900000)]
  0x0000026dc4e17010 JavaThread "Common-Cleaner" daemon [_thread_blocked, id=13688, stack(0x000000c1aea00000,0x000000c1aeb00000)]
  0x0000026dcc28d590 JavaThread "C2 CompilerThread1" daemon [_thread_blocked, id=18380, stack(0x000000c1af000000,0x000000c1af100000)]

Other Threads:
=>0x0000026dc4c35740 VMThread "VM Thread" [stack: 0x000000c1ade00000,0x000000c1adf00000] [id=17172]
  0x0000026dc4dfff60 WatcherThread [stack: 0x000000c1ae900000,0x000000c1aea00000] [id=21060]
  0x0000026da586ba90 GCTaskThread "GC Thread#0" [stack: 0x000000c1ad900000,0x000000c1ada00000] [id=5140]
  0x0000026dc534fff0 GCTaskThread "GC Thread#1" [stack: 0x000000c1aeb00000,0x000000c1aec00000] [id=13828]
  0x0000026dc52afa50 GCTaskThread "GC Thread#2" [stack: 0x000000c1aec00000,0x000000c1aed00000] [id=9376]
  0x0000026dc52afd00 GCTaskThread "GC Thread#3" [stack: 0x000000c1aed00000,0x000000c1aee00000] [id=5900]
  0x0000026dc534d820 GCTaskThread "GC Thread#4" [stack: 0x000000c1aee00000,0x000000c1aef00000] [id=2628]
  0x0000026dc534e4f0 GCTaskThread "GC Thread#5" [stack: 0x000000c1aef00000,0x000000c1af000000] [id=18576]
  0x0000026dc550af70 GCTaskThread "GC Thread#6" [stack: 0x000000c1af100000,0x000000c1af200000] [id=14892]
  0x0000026dc550acc0 GCTaskThread "GC Thread#7" [stack: 0x000000c1af200000,0x000000c1af300000] [id=21292]
  0x0000026da587c790 ConcurrentGCThread "G1 Main Marker" [stack: 0x000000c1ada00000,0x000000c1adb00000] [id=20608]
  0x0000026da587d1a0 ConcurrentGCThread "G1 Conc#0" [stack: 0x000000c1adb00000,0x000000c1adc00000] [id=19856]
  0x0000026dc550bce0 ConcurrentGCThread "G1 Conc#1" [stack: 0x000000c1af300000,0x000000c1af400000] [id=13848]
  0x0000026da58cd830 ConcurrentGCThread "G1 Refine#0" [stack: 0x000000c1adc00000,0x000000c1add00000] [id=12324]
  0x0000026dc77bd230 ConcurrentGCThread "G1 Refine#1" [stack: 0x000000c1af500000,0x000000c1af600000] [id=18024]
  0x0000026dc77c08d0 ConcurrentGCThread "G1 Refine#2" [stack: 0x000000c1af400000,0x000000c1af500000] [id=12628]
  0x0000026dcba3c700 ConcurrentGCThread "G1 Refine#3" [stack: 0x000000c1af700000,0x000000c1af800000] [id=7572]
  0x0000026dcba3bb80 ConcurrentGCThread "G1 Refine#4" [stack: 0x000000c1af600000,0x000000c1af700000] [id=5524]
  0x0000026da58ce250 ConcurrentGCThread "G1 Service" [stack: 0x000000c1add00000,0x000000c1ade00000] [id=2248]

Threads with active compile tasks:
C2 CompilerThread0    32035 15076       4       org.jetbrains.kotlin.ir.interpreter.checker.EvaluationMode::isMarkedWith (85 bytes)
C1 CompilerThread0    32035 15123       3       org.jetbrains.kotlin.ir.interpreter.InstructionsUnfolderKt::unfoldInstruction (772 bytes)

VM state: at safepoint (normal execution)

VM Mutex/Monitor currently owned by a thread:  ([mutex/lock_event])
[0x0000026da57f9760] Threads_lock - owner thread: 0x0000026dc4c35740
[0x0000026da57f9640] Heap_lock - owner thread: 0x0000026da587c790

Heap address: 0x0000000702400000, size: 4060 MB, Compressed Oops mode: Zero based, Oop shift amount: 3

CDS archive(s) not mapped
Compressed class space mapped at: 0x0000000800000000-0x0000000840000000, reserved size: 1073741824
Narrow klass base: 0x0000000800000000, Narrow klass shift: 0, Narrow klass range: 0x40000000

GC Precious Log:
 CPUs: 8 total, 8 available
 Memory: 16236M
 Large Page Support: Disabled
 NUMA Support: Disabled
 Compressed Oops: Enabled (Zero based)
 Heap Region Size: 2M
 Heap Min Capacity: 8M
 Heap Initial Capacity: 254M
 Heap Max Capacity: 4060M
 Pre-touch: Disabled
 Parallel Workers: 8
 Concurrent Workers: 2
 Concurrent Refinement Workers: 8
 Periodic GC: Disabled

Heap:
 garbage-first heap   total 202752K, used 131363K [0x0000000702400000, 0x0000000800000000)
  region size 2048K, 6 young (12288K), 3 survivors (6144K)
 Metaspace       used 76241K, committed 76608K, reserved 1122304K
  class space    used 8353K, committed 8512K, reserved 1048576K

Heap Regions: E=young(eden), S=young(survivor), O=old, HS=humongous(starts), HC=humongous(continues), CS=collection set, F=free, OA=open archive, CA=closed archive, TAMS=top-at-mark-start (previous, next)
|   0|0x0000000702400000, 0x0000000702600000, 0x0000000702600000|100%|HS|  |TAMS 0x0000000702600000, 0x0000000702400000| Complete 
|   1|0x0000000702600000, 0x0000000702800000, 0x0000000702800000|100%|HC|  |TAMS 0x0000000702800000, 0x0000000702600000| Complete 
|   2|0x0000000702800000, 0x0000000702a00000, 0x0000000702a00000|100%|HS|  |TAMS 0x0000000702a00000, 0x0000000702800000| Complete 
|   3|0x0000000702a00000, 0x0000000702c00000, 0x0000000702c00000|100%|HC|  |TAMS 0x0000000702c00000, 0x0000000702a00000| Complete 
|   4|0x0000000702c00000, 0x0000000702e00000, 0x0000000702e00000|100%| O|  |TAMS 0x0000000702e00000, 0x0000000702c00000| Untracked 
|   5|0x0000000702e00000, 0x0000000703000000, 0x0000000703000000|100%|HS|  |TAMS 0x0000000703000000, 0x0000000702e00000| Complete 
|   6|0x0000000703000000, 0x0000000703200000, 0x0000000703200000|100%| O|  |TAMS 0x0000000703200000, 0x0000000703000000| Untracked 
|   7|0x0000000703200000, 0x0000000703400000, 0x0000000703400000|100%| O|  |TAMS 0x0000000703400000, 0x0000000703200000| Untracked 
|   8|0x0000000703400000, 0x0000000703600000, 0x0000000703600000|100%| O|  |TAMS 0x0000000703600000, 0x0000000703400000| Updating 
|   9|0x0000000703600000, 0x0000000703800000, 0x0000000703800000|100%| O|  |TAMS 0x0000000703800000, 0x0000000703600000| Untracked 
|  10|0x0000000703800000, 0x0000000703a00000, 0x0000000703a00000|100%| O|  |TAMS 0x0000000703a00000, 0x0000000703800000| Untracked 
|  11|0x0000000703a00000, 0x0000000703c00000, 0x0000000703c00000|100%| O|  |TAMS 0x0000000703c00000, 0x0000000703a00000| Untracked 
|  12|0x0000000703c00000, 0x0000000703e00000, 0x0000000703e00000|100%| O|  |TAMS 0x0000000703e00000, 0x0000000703c00000| Untracked 
|  13|0x0000000703e00000, 0x0000000704000000, 0x0000000704000000|100%| O|  |TAMS 0x0000000704000000, 0x0000000703e00000| Untracked 
|  14|0x0000000704000000, 0x0000000704200000, 0x0000000704200000|100%| O|  |TAMS 0x0000000704200000, 0x0000000704000000| Updating 
|  15|0x0000000704200000, 0x0000000704400000, 0x0000000704400000|100%| O|  |TAMS 0x0000000704400000, 0x0000000704200000| Untracked 
|  16|0x0000000704400000, 0x0000000704600000, 0x0000000704600000|100%| O|  |TAMS 0x0000000704600000, 0x0000000704400000| Untracked 
|  17|0x0000000704600000, 0x0000000704800000, 0x0000000704800000|100%| O|  |TAMS 0x0000000704800000, 0x0000000704600000| Untracked 
|  18|0x0000000704800000, 0x0000000704a00000, 0x0000000704a00000|100%| O|  |TAMS 0x0000000704a00000, 0x0000000704800000| Untracked 
|  19|0x0000000704a00000, 0x0000000704c00000, 0x0000000704c00000|100%| O|  |TAMS 0x0000000704c00000, 0x0000000704a00000| Untracked 
|  20|0x0000000704c00000, 0x0000000704e00000, 0x0000000704e00000|100%| O|  |TAMS 0x0000000704e00000, 0x0000000704c00000| Untracked 
|  21|0x0000000704e00000, 0x0000000705000000, 0x0000000705000000|100%| O|  |TAMS 0x0000000705000000, 0x0000000704e00000| Updating 
|  22|0x0000000705000000, 0x0000000705200000, 0x0000000705200000|100%| O|  |TAMS 0x0000000705200000, 0x0000000705000000| Updating 
|  23|0x0000000705200000, 0x0000000705400000, 0x0000000705400000|100%|HS|  |TAMS 0x0000000705400000, 0x0000000705200000| Complete 
|  24|0x0000000705400000, 0x0000000705600000, 0x0000000705600000|100%| O|  |TAMS 0x0000000705600000, 0x0000000705400000| Untracked 
|  25|0x0000000705600000, 0x0000000705800000, 0x0000000705800000|100%| O|  |TAMS 0x0000000705800000, 0x0000000705600000| Untracked 
|  26|0x0000000705800000, 0x0000000705a00000, 0x0000000705a00000|100%| O|  |TAMS 0x0000000705a00000, 0x0000000705800000| Updating 
|  27|0x0000000705a00000, 0x0000000705c00000, 0x0000000705c00000|100%| O|  |TAMS 0x0000000705c00000, 0x0000000705a00000| Untracked 
|  28|0x0000000705c00000, 0x0000000705e00000, 0x0000000705e00000|100%| O|  |TAMS 0x0000000705e00000, 0x0000000705c00000| Untracked 
|  29|0x0000000705e00000, 0x0000000706000000, 0x0000000706000000|100%| O|  |TAMS 0x0000000706000000, 0x0000000705e00000| Untracked 
|  30|0x0000000706000000, 0x0000000706200000, 0x0000000706200000|100%| O|  |TAMS 0x0000000706200000, 0x0000000706000000| Untracked 
|  31|0x0000000706200000, 0x0000000706400000, 0x0000000706400000|100%| O|  |TAMS 0x0000000706400000, 0x0000000706200000| Updating 
|  32|0x0000000706400000, 0x0000000706600000, 0x0000000706600000|100%| O|  |TAMS 0x0000000706600000, 0x0000000706400000| Updating 
|  33|0x0000000706600000, 0x0000000706800000, 0x0000000706800000|100%| O|  |TAMS 0x0000000706800000, 0x0000000706600000| Updating 
|  34|0x0000000706800000, 0x0000000706a00000, 0x0000000706a00000|100%| O|  |TAMS 0x0000000706a00000, 0x0000000706800000| Updating 
|  35|0x0000000706a00000, 0x0000000706c00000, 0x0000000706c00000|100%| O|  |TAMS 0x0000000706c00000, 0x0000000706a00000| Updating 
|  36|0x0000000706c00000, 0x0000000706e00000, 0x0000000706e00000|100%| O|  |TAMS 0x0000000706e00000, 0x0000000706c00000| Untracked 
|  37|0x0000000706e00000, 0x0000000707000000, 0x0000000707000000|100%| O|  |TAMS 0x0000000707000000, 0x0000000706e00000| Untracked 
|  38|0x0000000707000000, 0x0000000707200000, 0x0000000707200000|100%| O|  |TAMS 0x0000000707200000, 0x0000000707000000| Untracked 
|  39|0x0000000707200000, 0x0000000707400000, 0x0000000707400000|100%| O|  |TAMS 0x0000000707400000, 0x0000000707200000| Untracked 
|  40|0x0000000707400000, 0x0000000707400000, 0x0000000707600000|  0%| F|  |TAMS 0x0000000707400000, 0x0000000707400000| Untracked 
|  41|0x0000000707600000, 0x0000000707800000, 0x0000000707800000|100%| O|  |TAMS 0x0000000707800000, 0x0000000707600000| Untracked 
|  42|0x0000000707800000, 0x0000000707a00000, 0x0000000707a00000|100%| O|  |TAMS 0x0000000707a00000, 0x0000000707800000| Updating 
|  43|0x0000000707a00000, 0x0000000707c00000, 0x0000000707c00000|100%| O|  |TAMS 0x0000000707c00000, 0x0000000707a00000| Updating 
|  44|0x0000000707c00000, 0x0000000707e00000, 0x0000000707e00000|100%| O|  |TAMS 0x0000000707e00000, 0x0000000707c00000| Untracked 
|  45|0x0000000707e00000, 0x0000000708000000, 0x0000000708000000|100%| O|  |TAMS 0x0000000708000000, 0x0000000707e00000| Updating 
|  46|0x0000000708000000, 0x0000000708200000, 0x0000000708200000|100%| O|  |TAMS 0x0000000708200000, 0x0000000708000000| Updating 
|  47|0x0000000708200000, 0x0000000708400000, 0x0000000708400000|100%| O|  |TAMS 0x0000000708400000, 0x0000000708200000| Untracked 
|  48|0x0000000708400000, 0x0000000708600000, 0x0000000708600000|100%| O|  |TAMS 0x0000000708600000, 0x0000000708400000| Untracked 
|  49|0x0000000708600000, 0x0000000708800000, 0x0000000708800000|100%| O|  |TAMS 0x0000000708800000, 0x0000000708600000| Untracked 
|  50|0x0000000708800000, 0x0000000708a00000, 0x0000000708a00000|100%| O|  |TAMS 0x0000000708a00000, 0x0000000708800000| Updating 
|  51|0x0000000708a00000, 0x0000000708c00000, 0x0000000708c00000|100%| O|  |TAMS 0x0000000708c00000, 0x0000000708a00000| Updating 
|  52|0x0000000708c00000, 0x0000000708e00000, 0x0000000708e00000|100%| O|  |TAMS 0x0000000708e00000, 0x0000000708c00000| Untracked 
|  53|0x0000000708e00000, 0x0000000709000000, 0x0000000709000000|100%| O|  |TAMS 0x0000000709000000, 0x0000000708e00000| Updating 
|  54|0x0000000709000000, 0x0000000709200000, 0x0000000709200000|100%| O|  |TAMS 0x0000000709200000, 0x0000000709000000| Updating 
|  55|0x0000000709200000, 0x0000000709400000, 0x0000000709400000|100%| O|  |TAMS 0x0000000709400000, 0x0000000709200000| Untracked 
|  56|0x0000000709400000, 0x0000000709600000, 0x0000000709600000|100%| O|  |TAMS 0x0000000709600000, 0x0000000709400000| Untracked 
|  57|0x0000000709600000, 0x0000000709800000, 0x0000000709800000|100%| O|  |TAMS 0x0000000709747800, 0x0000000709600000| Updating 
|  58|0x0000000709800000, 0x0000000709a00000, 0x0000000709a00000|100%| O|  |TAMS 0x0000000709800000, 0x0000000709800000| Untracked 
|  59|0x0000000709a00000, 0x0000000709c00000, 0x0000000709c00000|100%| O|  |TAMS 0x0000000709a00000, 0x0000000709a00000| Untracked 
|  60|0x0000000709c00000, 0x0000000709df9600, 0x0000000709e00000| 98%| O|  |TAMS 0x0000000709c00000, 0x0000000709c00000| Untracked 
|  61|0x0000000709e00000, 0x0000000709e00000, 0x000000070a000000|  0%| F|  |TAMS 0x0000000709e00000, 0x0000000709e00000| Untracked 
|  62|0x000000070a000000, 0x000000070a000000, 0x000000070a200000|  0%| F|  |TAMS 0x000000070a000000, 0x000000070a000000| Untracked 
|  63|0x000000070a200000, 0x000000070a200000, 0x000000070a400000|  0%| F|  |TAMS 0x000000070a200000, 0x000000070a200000| Untracked 
|  64|0x000000070a400000, 0x000000070a400000, 0x000000070a600000|  0%| F|  |TAMS 0x000000070a400000, 0x000000070a400000| Untracked 
|  65|0x000000070a600000, 0x000000070a600000, 0x000000070a800000|  0%| F|  |TAMS 0x000000070a600000, 0x000000070a600000| Untracked 
|  66|0x000000070a800000, 0x000000070a800000, 0x000000070aa00000|  0%| F|  |TAMS 0x000000070a800000, 0x000000070a800000| Untracked 
|  67|0x000000070aa00000, 0x000000070aa00000, 0x000000070ac00000|  0%| F|  |TAMS 0x000000070aa00000, 0x000000070aa00000| Untracked 
|  68|0x000000070ac00000, 0x000000070ac00000, 0x000000070ae00000|  0%| F|  |TAMS 0x000000070ac00000, 0x000000070ac00000| Untracked 
|  69|0x000000070ae00000, 0x000000070ae00000, 0x000000070b000000|  0%| F|  |TAMS 0x000000070ae00000, 0x000000070ae00000| Untracked 
|  70|0x000000070b000000, 0x000000070b000000, 0x000000070b200000|  0%| F|  |TAMS 0x000000070b000000, 0x000000070b000000| Untracked 
|  71|0x000000070b200000, 0x000000070b200000, 0x000000070b400000|  0%| F|  |TAMS 0x000000070b200000, 0x000000070b200000| Untracked 
|  72|0x000000070b400000, 0x000000070b400000, 0x000000070b600000|  0%| F|  |TAMS 0x000000070b400000, 0x000000070b400000| Untracked 
|  73|0x000000070b600000, 0x000000070b600000, 0x000000070b800000|  0%| F|  |TAMS 0x000000070b600000, 0x000000070b600000| Untracked 
|  74|0x000000070b800000, 0x000000070b84f9f0, 0x000000070ba00000| 15%| S|CS|TAMS 0x000000070b800000, 0x000000070b800000| Complete 
|  75|0x000000070ba00000, 0x000000070bc00000, 0x000000070bc00000|100%| S|CS|TAMS 0x000000070ba00000, 0x000000070ba00000| Complete 
|  76|0x000000070bc00000, 0x000000070be00000, 0x000000070be00000|100%| S|CS|TAMS 0x000000070bc00000, 0x000000070bc00000| Complete 
|  77|0x000000070be00000, 0x000000070be00000, 0x000000070c000000|  0%| F|  |TAMS 0x000000070be00000, 0x000000070be00000| Untracked 
|  78|0x000000070c000000, 0x000000070c000000, 0x000000070c200000|  0%| F|  |TAMS 0x000000070c000000, 0x000000070c000000| Untracked 
|  79|0x000000070c200000, 0x000000070c200000, 0x000000070c400000|  0%| F|  |TAMS 0x000000070c200000, 0x000000070c200000| Untracked 
|  80|0x000000070c400000, 0x000000070c400000, 0x000000070c600000|  0%| F|  |TAMS 0x000000070c400000, 0x000000070c400000| Untracked 
|  81|0x000000070c600000, 0x000000070c600000, 0x000000070c800000|  0%| F|  |TAMS 0x000000070c600000, 0x000000070c600000| Untracked 
|  82|0x000000070c800000, 0x000000070c800000, 0x000000070ca00000|  0%| F|  |TAMS 0x000000070c800000, 0x000000070c800000| Untracked 
|  83|0x000000070ca00000, 0x000000070ca00000, 0x000000070cc00000|  0%| F|  |TAMS 0x000000070ca00000, 0x000000070ca00000| Untracked 
|  84|0x000000070cc00000, 0x000000070cc00000, 0x000000070ce00000|  0%| F|  |TAMS 0x000000070cc00000, 0x000000070cc00000| Untracked 
|  85|0x000000070ce00000, 0x000000070ce00000, 0x000000070d000000|  0%| F|  |TAMS 0x000000070ce00000, 0x000000070ce00000| Untracked 
|  86|0x000000070d000000, 0x000000070d000000, 0x000000070d200000|  0%| F|  |TAMS 0x000000070d000000, 0x000000070d000000| Untracked 
|  87|0x000000070d200000, 0x000000070d200000, 0x000000070d400000|  0%| F|  |TAMS 0x000000070d200000, 0x000000070d200000| Untracked 
|  88|0x000000070d400000, 0x000000070d400000, 0x000000070d600000|  0%| F|  |TAMS 0x000000070d400000, 0x000000070d400000| Untracked 
|  89|0x000000070d600000, 0x000000070d600000, 0x000000070d800000|  0%| F|  |TAMS 0x000000070d600000, 0x000000070d600000| Untracked 
|  90|0x000000070d800000, 0x000000070d800000, 0x000000070da00000|  0%| F|  |TAMS 0x000000070d800000, 0x000000070d800000| Untracked 
|  91|0x000000070da00000, 0x000000070da00000, 0x000000070dc00000|  0%| F|  |TAMS 0x000000070da00000, 0x000000070da00000| Untracked 
|  92|0x000000070dc00000, 0x000000070dc00000, 0x000000070de00000|  0%| F|  |TAMS 0x000000070dc00000, 0x000000070dc00000| Untracked 
|  93|0x000000070de00000, 0x000000070de00000, 0x000000070e000000|  0%| F|  |TAMS 0x000000070de00000, 0x000000070de00000| Untracked 
| 121|0x0000000711600000, 0x0000000711600000, 0x0000000711800000|  0%| F|  |TAMS 0x0000000711600000, 0x0000000711600000| Untracked 
| 122|0x0000000711800000, 0x0000000711800000, 0x0000000711a00000|  0%| F|  |TAMS 0x0000000711800000, 0x0000000711800000| Untracked 
| 123|0x0000000711a00000, 0x0000000711b5a430, 0x0000000711c00000| 67%| E|  |TAMS 0x0000000711a00000, 0x0000000711a00000| Complete 
| 124|0x0000000711c00000, 0x0000000711e00000, 0x0000000711e00000|100%| E|CS|TAMS 0x0000000711c00000, 0x0000000711c00000| Complete 
| 126|0x0000000712000000, 0x0000000712200000, 0x0000000712200000|100%| E|CS|TAMS 0x0000000712000000, 0x0000000712000000| Complete 

Card table byte_map: [0x0000026db8800000,0x0000026db8ff0000] _byte_map_base: 0x0000026db4fee000

Marking Bits (Prev, Next): (CMBitMap*) 0x0000026da586c0e0, (CMBitMap*) 0x0000026da586c0a0
 Prev Bits: [0x0000026dbd750000, 0x0000026dc16c0000)
 Next Bits: [0x0000026db97e0000, 0x0000026dbd750000)

Polling page: 0x0000026da3960000

Metaspace:

Usage:
  Non-class:     66.30 MB used.
      Class:      8.16 MB used.
       Both:     74.45 MB used.

Virtual space:
  Non-class space:       72.00 MB reserved,      66.50 MB ( 92%) committed,  9 nodes.
      Class space:        1.00 GB reserved,       8.31 MB ( <1%) committed,  1 nodes.
             Both:        1.07 GB reserved,      74.81 MB (  7%) committed. 

Chunk freelists:
   Non-Class:  704.00 KB
       Class:  3.64 MB
        Both:  4.33 MB

MaxMetaspaceSize: unlimited
CompressedClassSpaceSize: 1.00 GB
Initial GC threshold: 21.00 MB
Current GC threshold: 116.81 MB
CDS: off
MetaspaceReclaimPolicy: balanced
 - commit_granule_bytes: 65536.
 - commit_granule_words: 8192.
 - virtual_space_node_default_size: 1048576.
 - enlarge_chunks_in_place: 1.
 - new_chunks_are_fully_committed: 0.
 - uncommit_free_chunks: 1.
 - use_allocation_guard: 0.
 - handle_deallocations: 1.


Internal statistics:

num_allocs_failed_limit: 6.
num_arena_births: 466.
num_arena_deaths: 0.
num_vsnodes_births: 10.
num_vsnodes_deaths: 0.
num_space_committed: 1195.
num_space_uncommitted: 0.
num_chunks_returned_to_freelist: 6.
num_chunks_taken_from_freelist: 2995.
num_chunk_merges: 6.
num_chunk_splits: 2314.
num_chunks_enlarged: 1924.
num_purges: 0.
num_inconsistent_stats: 0.

CodeHeap 'non-profiled nmethods': size=120000Kb used=9469Kb max_used=9469Kb free=110530Kb
 bounds [0x0000026db07a0000, 0x0000026db10e0000, 0x0000026db7cd0000]
CodeHeap 'profiled nmethods': size=120000Kb used=35477Kb max_used=35477Kb free=84522Kb
 bounds [0x0000026da8cd0000, 0x0000026daaf80000, 0x0000026db0200000]
CodeHeap 'non-nmethods': size=5760Kb used=1396Kb max_used=1496Kb free=4363Kb
 bounds [0x0000026db0200000, 0x0000026db0470000, 0x0000026db07a0000]
 total_blobs=13185 nmethods=12457 adapters=636
 compilation: enabled
              stopped_count=0, restarted_count=0
 full_count=0

Compilation events (20 events):
Event: 31.953 Thread 0x0000026dc4ca4e30 nmethod 15116 0x0000026daaf6d510 code [0x0000026daaf6d780, 0x0000026daaf6e328]
Event: 31.953 Thread 0x0000026dc4ca4e30 15119       3       org.jetbrains.kotlin.ir.interpreter.IrTreeBuildUtilsKt::toIrConstOrNull (485 bytes)
Event: 31.956 Thread 0x0000026dc4ca4e30 nmethod 15119 0x0000026daaf6e710 code [0x0000026daaf6ee60, 0x0000026daaf73028]
Event: 31.956 Thread 0x0000026dc4ca4e30 15120       3       org.jetbrains.kotlin.ir.types.IrTypePredicatesKt::isByte (14 bytes)
Event: 31.957 Thread 0x0000026dc4ca4e30 nmethod 15120 0x0000026daaf74110 code [0x0000026daaf74340, 0x0000026daaf749e8]
Event: 31.957 Thread 0x0000026dc4ca4e30 15121       3       org.jetbrains.kotlin.ir.types.IrTypePredicatesKt::isShort (14 bytes)
Event: 31.957 Thread 0x0000026dc4ca4e30 nmethod 15121 0x0000026daaf74c90 code [0x0000026daaf74ec0, 0x0000026daaf75568]
Event: 31.957 Thread 0x0000026dc4ca4e30 15114       3       org.jetbrains.kotlin.ir.interpreter.stack.SubFrame::<init> (52 bytes)
Event: 31.958 Thread 0x0000026dc4ca4e30 nmethod 15114 0x0000026daaf75810 code [0x0000026daaf75ae0, 0x0000026daaf76b78]
Event: 31.958 Thread 0x0000026dc4ca4e30 15115       3       org.jetbrains.kotlin.ir.interpreter.stack.DataStack::<init> (16 bytes)
Event: 31.958 Thread 0x0000026dc4ca4e30 nmethod 15115 0x0000026daaf77090 code [0x0000026daaf77260, 0x0000026daaf776f8]
Event: 31.958 Thread 0x0000026dc4ca4e30 15117       3       org.jetbrains.kotlin.ir.interpreter.InstructionKt::pushSimpleInstruction (28 bytes)
Event: 31.959 Thread 0x0000026dc4c915d0 nmethod 15075 0x0000026db10dcf90 code [0x0000026db10dd200, 0x0000026db10de9b8]
Event: 31.959 Thread 0x0000026dc4c915d0 15076       4       org.jetbrains.kotlin.ir.interpreter.checker.EvaluationMode::isMarkedWith (85 bytes)
Event: 31.960 Thread 0x0000026dc4ca4e30 nmethod 15117 0x0000026daaf77890 code [0x0000026daaf77c40, 0x0000026daaf79288]
Event: 31.960 Thread 0x0000026dc4ca4e30 15118       3       org.jetbrains.kotlin.ir.interpreter.SimpleInstruction::<init> (16 bytes)
Event: 31.961 Thread 0x0000026dc4ca4e30 nmethod 15118 0x0000026daaf79a90 code [0x0000026daaf79ca0, 0x0000026daaf7a318]
Event: 31.961 Thread 0x0000026dc4ca4e30 15122       3       org.jetbrains.kotlin.ir.interpreter.IrInterpreter::incrementAndCheckCommands (47 bytes)
Event: 31.961 Thread 0x0000026dc4ca4e30 nmethod 15122 0x0000026daaf7a590 code [0x0000026daaf7a760, 0x0000026daaf7aa98]
Event: 31.961 Thread 0x0000026dc4ca4e30 15123       3       org.jetbrains.kotlin.ir.interpreter.InstructionsUnfolderKt::unfoldInstruction (772 bytes)

GC Heap History (20 events):
Event: 18.315 GC heap before
{Heap before GC invocations=20 (full 0):
 garbage-first heap   total 155648K, used 122482K [0x0000000702400000, 0x0000000800000000)
  region size 2048K, 26 young (53248K), 3 survivors (6144K)
 Metaspace       used 60480K, committed 60736K, reserved 1105920K
  class space    used 6916K, committed 7040K, reserved 1048576K
}
Event: 18.327 GC heap after
{Heap after GC invocations=21 (full 0):
 garbage-first heap   total 155648K, used 81467K [0x0000000702400000, 0x0000000800000000)
  region size 2048K, 4 young (8192K), 4 survivors (8192K)
 Metaspace       used 60480K, committed 60736K, reserved 1105920K
  class space    used 6916K, committed 7040K, reserved 1048576K
}
Event: 19.239 GC heap before
{Heap before GC invocations=22 (full 0):
 garbage-first heap   total 155648K, used 93755K [0x0000000702400000, 0x0000000800000000)
  region size 2048K, 11 young (22528K), 4 survivors (8192K)
 Metaspace       used 60996K, committed 61312K, reserved 1105920K
  class space    used 6962K, committed 7104K, reserved 1048576K
}
Event: 19.255 GC heap after
{Heap after GC invocations=23 (full 0):
 garbage-first heap   total 155648K, used 83486K [0x0000000702400000, 0x0000000800000000)
  region size 2048K, 1 young (2048K), 1 survivors (2048K)
 Metaspace       used 60996K, committed 61312K, reserved 1105920K
  class space    used 6962K, committed 7104K, reserved 1048576K
}
Event: 21.900 GC heap before
{Heap before GC invocations=24 (full 0):
 garbage-first heap   total 155648K, used 126494K [0x0000000702400000, 0x0000000800000000)
  region size 2048K, 21 young (43008K), 1 survivors (2048K)
 Metaspace       used 61773K, committed 62080K, reserved 1105920K
  class space    used 6987K, committed 7104K, reserved 1048576K
}
Event: 21.911 GC heap after
{Heap after GC invocations=25 (full 0):
 garbage-first heap   total 155648K, used 89187K [0x0000000702400000, 0x0000000800000000)
  region size 2048K, 3 young (6144K), 3 survivors (6144K)
 Metaspace       used 61773K, committed 62080K, reserved 1105920K
  class space    used 6987K, committed 7104K, reserved 1048576K
}
Event: 23.393 GC heap before
{Heap before GC invocations=25 (full 0):
 garbage-first heap   total 155648K, used 126051K [0x0000000702400000, 0x0000000800000000)
  region size 2048K, 21 young (43008K), 3 survivors (6144K)
 Metaspace       used 62178K, committed 62528K, reserved 1105920K
  class space    used 6996K, committed 7168K, reserved 1048576K
}
Event: 23.408 GC heap after
{Heap after GC invocations=26 (full 0):
 garbage-first heap   total 188416K, used 92578K [0x0000000702400000, 0x0000000800000000)
  region size 2048K, 2 young (4096K), 2 survivors (4096K)
 Metaspace       used 62178K, committed 62528K, reserved 1105920K
  class space    used 6996K, committed 7168K, reserved 1048576K
}
Event: 24.260 GC heap before
{Heap before GC invocations=27 (full 0):
 garbage-first heap   total 188416K, used 149922K [0x0000000702400000, 0x0000000800000000)
  region size 2048K, 30 young (61440K), 2 survivors (4096K)
 Metaspace       used 62417K, committed 62720K, reserved 1105920K
  class space    used 7014K, committed 7168K, reserved 1048576K
}
Event: 24.268 GC heap after
{Heap after GC invocations=28 (full 0):
 garbage-first heap   total 188416K, used 96713K [0x0000000702400000, 0x0000000800000000)
  region size 2048K, 4 young (8192K), 4 survivors (8192K)
 Metaspace       used 62417K, committed 62720K, reserved 1105920K
  class space    used 7014K, committed 7168K, reserved 1048576K
}
Event: 24.749 GC heap before
{Heap before GC invocations=28 (full 0):
 garbage-first heap   total 188416K, used 152009K [0x0000000702400000, 0x0000000800000000)
  region size 2048K, 31 young (63488K), 4 survivors (8192K)
 Metaspace       used 62475K, committed 62784K, reserved 1105920K
  class space    used 7014K, committed 7168K, reserved 1048576K
}
Event: 24.762 GC heap after
{Heap after GC invocations=29 (full 0):
 garbage-first heap   total 188416K, used 103930K [0x0000000702400000, 0x0000000800000000)
  region size 2048K, 4 young (8192K), 4 survivors (8192K)
 Metaspace       used 62475K, committed 62784K, reserved 1105920K
  class space    used 7014K, committed 7168K, reserved 1048576K
}
Event: 26.599 GC heap before
{Heap before GC invocations=30 (full 0):
 garbage-first heap   total 188416K, used 151034K [0x0000000702400000, 0x0000000800000000)
  region size 2048K, 27 young (55296K), 4 survivors (8192K)
 Metaspace       used 64562K, committed 64896K, reserved 1114112K
  class space    used 7194K, committed 7360K, reserved 1048576K
}
Event: 26.614 GC heap after
{Heap after GC invocations=31 (full 0):
 garbage-first heap   total 188416K, used 107248K [0x0000000702400000, 0x0000000800000000)
  region size 2048K, 2 young (4096K), 2 survivors (4096K)
 Metaspace       used 64562K, committed 64896K, reserved 1114112K
  class space    used 7194K, committed 7360K, reserved 1048576K
}
Event: 28.251 GC heap before
{Heap before GC invocations=31 (full 0):
 garbage-first heap   total 188416K, used 152304K [0x0000000702400000, 0x0000000800000000)
  region size 2048K, 25 young (51200K), 2 survivors (4096K)
 Metaspace       used 71118K, committed 71424K, reserved 1114112K
  class space    used 7886K, committed 8000K, reserved 1048576K
}
Event: 28.267 GC heap after
{Heap after GC invocations=32 (full 0):
 garbage-first heap   total 188416K, used 113289K [0x0000000702400000, 0x0000000800000000)
  region size 2048K, 4 young (8192K), 4 survivors (8192K)
 Metaspace       used 71118K, committed 71424K, reserved 1114112K
  class space    used 7886K, committed 8000K, reserved 1048576K
}
Event: 29.856 GC heap before
{Heap before GC invocations=33 (full 0):
 garbage-first heap   total 202752K, used 152201K [0x0000000702400000, 0x0000000800000000)
  region size 2048K, 23 young (47104K), 4 survivors (8192K)
 Metaspace       used 72757K, committed 73088K, reserved 1122304K
  class space    used 8014K, committed 8192K, reserved 1048576K
}
Event: 29.885 GC heap after
{Heap after GC invocations=34 (full 0):
 garbage-first heap   total 202752K, used 124190K [0x0000000702400000, 0x0000000800000000)
  region size 2048K, 3 young (6144K), 3 survivors (6144K)
 Metaspace       used 72757K, committed 73088K, reserved 1122304K
  class space    used 8014K, committed 8192K, reserved 1048576K
}
Event: 31.816 GC heap before
{Heap before GC invocations=34 (full 0):
 garbage-first heap   total 202752K, used 163102K [0x0000000702400000, 0x0000000800000000)
  region size 2048K, 22 young (45056K), 3 survivors (6144K)
 Metaspace       used 75943K, committed 76352K, reserved 1122304K
  class space    used 8344K, committed 8512K, reserved 1048576K
}
Event: 31.829 GC heap after
{Heap after GC invocations=35 (full 0):
 garbage-first heap   total 202752K, used 129315K [0x0000000702400000, 0x0000000800000000)
  region size 2048K, 3 young (6144K), 3 survivors (6144K)
 Metaspace       used 75943K, committed 76352K, reserved 1122304K
  class space    used 8344K, committed 8512K, reserved 1048576K
}

Dll operation events (2 events):
Event: 0.009 Loaded shared library C:\Program Files\Android\Android Studio\jbr\bin\java.dll
Event: 1.734 Loaded shared library C:\Program Files\Android\Android Studio\jbr\bin\verify.dll

Deoptimization events (20 events):
Event: 31.889 Thread 0x0000026da57fcdd0 Uncommon trap: trap_request=0xfffffff4 fr.pc=0x0000026db0e4b93c relative=0x000000000000439c
Event: 31.889 Thread 0x0000026da57fcdd0 Uncommon trap: reason=null_check action=make_not_entrant pc=0x0000026db0e4b93c method=org.jetbrains.kotlin.cli.jvm.compiler.CliVirtualFileFinder.findBinaryOrSigClass(Lorg/jetbrains/kotlin/name/ClassId;Ljava/lang/String;Ljava/util/Set;)Lorg/jetbrains/kotli
Event: 31.889 Thread 0x0000026da57fcdd0 DEOPT PACKING pc=0x0000026db0e4b93c sp=0x000000c1ad8fc030
Event: 31.889 Thread 0x0000026da57fcdd0 DEOPT UNPACKING pc=0x0000026db02569a3 sp=0x000000c1ad8fbef8 mode 2
Event: 31.889 Thread 0x0000026da57fcdd0 Uncommon trap: trap_request=0xffffff45 fr.pc=0x0000026db0e4fbe0 relative=0x00000000000000c0
Event: 31.889 Thread 0x0000026da57fcdd0 Uncommon trap: reason=unstable_if action=reinterpret pc=0x0000026db0e4fbe0 method=org.jetbrains.kotlin.load.kotlin.KotlinClassFinderKt.findKotlinClass(Lorg/jetbrains/kotlin/load/kotlin/KotlinClassFinder;Lorg/jetbrains/kotlin/name/ClassId;)Lorg/jetbrains/k
Event: 31.889 Thread 0x0000026da57fcdd0 DEOPT PACKING pc=0x0000026db0e4fbe0 sp=0x000000c1ad8fc100
Event: 31.889 Thread 0x0000026da57fcdd0 DEOPT UNPACKING pc=0x0000026db02569a3 sp=0x000000c1ad8fc098 mode 2
Event: 31.892 Thread 0x0000026da57fcdd0 Uncommon trap: trap_request=0xffffffde fr.pc=0x0000026db0e3ac20 relative=0x0000000000000720
Event: 31.892 Thread 0x0000026da57fcdd0 Uncommon trap: reason=class_check action=maybe_recompile pc=0x0000026db0e3ac20 method=org.jetbrains.kotlin.cli.jvm.index.JvmDependenciesIndexImpl.findClass(Lorg/jetbrains/kotlin/name/ClassId;Ljava/util/Set;Lkotlin/jvm/functions/Function2;)Ljava/lang/Objec
Event: 31.892 Thread 0x0000026da57fcdd0 DEOPT PACKING pc=0x0000026db0e3ac20 sp=0x000000c1ad8fc8a0
Event: 31.892 Thread 0x0000026da57fcdd0 DEOPT UNPACKING pc=0x0000026db02569a3 sp=0x000000c1ad8fc750 mode 2
Event: 31.959 Thread 0x0000026da57fcdd0 Uncommon trap: trap_request=0xffffff66 fr.pc=0x0000026db10de214 relative=0x0000000000001014
Event: 31.959 Thread 0x0000026da57fcdd0 Uncommon trap: reason=speculate_class_check action=maybe_recompile pc=0x0000026db10de214 method=org.jetbrains.kotlin.ir.util.IrUtilsKt.getParentAsClass(Lorg/jetbrains/kotlin/ir/declarations/IrDeclaration;)Lorg/jetbrains/kotlin/ir/declarations/IrClass; @ 8
Event: 31.959 Thread 0x0000026da57fcdd0 DEOPT PACKING pc=0x0000026db10de214 sp=0x000000c1ad8fd1c0
Event: 31.959 Thread 0x0000026da57fcdd0 DEOPT UNPACKING pc=0x0000026db02569a3 sp=0x000000c1ad8fd128 mode 2
Event: 31.959 Thread 0x0000026da57fcdd0 Uncommon trap: trap_request=0xffffff66 fr.pc=0x0000026db10de214 relative=0x0000000000001014
Event: 31.959 Thread 0x0000026da57fcdd0 Uncommon trap: reason=speculate_class_check action=maybe_recompile pc=0x0000026db10de214 method=org.jetbrains.kotlin.ir.util.IrUtilsKt.getParentAsClass(Lorg/jetbrains/kotlin/ir/declarations/IrDeclaration;)Lorg/jetbrains/kotlin/ir/declarations/IrClass; @ 8
Event: 31.959 Thread 0x0000026da57fcdd0 DEOPT PACKING pc=0x0000026db10de214 sp=0x000000c1ad8fd1c0
Event: 31.959 Thread 0x0000026da57fcdd0 DEOPT UNPACKING pc=0x0000026db02569a3 sp=0x000000c1ad8fd128 mode 2

Classes unloaded (0 events):
No events

Classes redefined (0 events):
No events

Internal exceptions (20 events):
Event: 11.825 Thread 0x0000026da57fcdd0 Implicit null exception at 0x0000026db096fe50 to 0x0000026db09703a4
Event: 14.616 Thread 0x0000026da57fcdd0 Implicit null exception at 0x0000026db0af14af to 0x0000026db0af1580
Event: 15.746 Thread 0x0000026da57fcdd0 Exception <a 'java/lang/NoSuchMethodError'{0x000000070a5b5b18}: 'java.lang.Object java.lang.invoke.DirectMethodHandle$Holder.invokeInterface(java.lang.Object, java.lang.Object, java.lang.Object)'> (0x000000070a5b5b18) 
thrown [s\src\hotspot\share\interpreter\linkResolver.cpp, line 771]
Event: 15.746 Thread 0x0000026da57fcdd0 Exception <a 'java/lang/IncompatibleClassChangeError'{0x000000070a5b99d8}: Found class java.lang.Object, but interface was expected> (0x000000070a5b99d8) 
thrown [s\src\hotspot\share\interpreter\linkResolver.cpp, line 838]
Event: 15.783 Thread 0x0000026da57fcdd0 Implicit null exception at 0x0000026db0805660 to 0x0000026db08056fa
Event: 15.863 Thread 0x0000026da57fcdd0 Exception <a 'java/lang/NoSuchMethodError'{0x000000070a376a98}: 'java.lang.Object java.lang.invoke.DirectMethodHandle$Holder.newInvokeSpecial(java.lang.Object, java.lang.Object, java.lang.Object, java.lang.Object, java.lang.Object, java.lang.Object, java.lang.Object)'> (0x000000070a376a98) 
thrown [s\src\hotspot\share\interpreter\linkResolver.cpp, line 771]
Event: 15.863 Thread 0x0000026da57fcdd0 Exception <a 'java/lang/NoSuchMethodError'{0x000000070a37b650}: 'java.lang.Object java.lang.invoke.Invokers$Holder.linkToTargetMethod(java.lang.Object, java.lang.Object, java.lang.Object, java.lang.Object, java.lang.Object, java.lang.Object, java.lang.Object)'> (0x000000070a37b650) 
thrown [s\src\hotspot\share\interpreter\linkResolver.cpp, line 771]
Event: 16.844 Thread 0x0000026da57fcdd0 Exception <a 'java/lang/NoSuchMethodError'{0x00000007094af608}: 'java.lang.Object java.lang.invoke.DirectMethodHandle$Holder.newInvokeSpecial(java.lang.Object, int, java.lang.Object, java.lang.Object)'> (0x00000007094af608) 
thrown [s\src\hotspot\share\interpreter\linkResolver.cpp, line 771]
Event: 18.492 Thread 0x0000026da57fcdd0 Implicit null exception at 0x0000026db07bae72 to 0x0000026db07bb4cc
Event: 18.514 Thread 0x0000026da57fcdd0 Implicit null exception at 0x0000026db07bd472 to 0x0000026db07bdacc
Event: 26.311 Thread 0x0000026da57fcdd0 Implicit null exception at 0x0000026db0cf2509 to 0x0000026db0cf3540
Event: 26.661 Thread 0x0000026da57fcdd0 Exception <a 'java/lang/NoSuchMethodError'{0x0000000712111ac0}: 'java.lang.Object java.lang.invoke.DirectMethodHandle$Holder.invokeStaticInit(java.lang.Object, java.lang.Object, java.lang.Object, java.lang.Object)'> (0x0000000712111ac0) 
thrown [s\src\hotspot\share\interpreter\linkResolver.cpp, line 771]
Event: 27.131 Thread 0x0000026da57fcdd0 Exception <a 'java/lang/NoSuchMethodError'{0x000000070ca039f8}: 'java.lang.Object java.lang.invoke.DirectMethodHandle$Holder.invokeSpecial(java.lang.Object, java.lang.Object, int, int, java.lang.Object, java.lang.Object, java.lang.Object, java.lang.Object, java.lang.Object)'> (0x000000070ca039f8) 
thrown [s\src\hotspot\share\interpreter\linkResolver.cpp, line 771]
Event: 27.182 Thread 0x0000026da57fcdd0 Implicit null exception at 0x0000026db080c720 to 0x0000026db080ca14
Event: 27.231 Thread 0x0000026da57fcdd0 Exception <a 'java/lang/NoSuchMethodError'{0x000000070cbdb8e0}: 'java.lang.Object java.lang.invoke.DirectMethodHandle$Holder.newInvokeSpecial(java.lang.Object, java.lang.Object, int, int, java.lang.Object, java.lang.Object, java.lang.Object)'> (0x000000070cbdb8e0) 
thrown [s\src\hotspot\share\interpreter\linkResolver.cpp, line 771]
Event: 27.540 Thread 0x0000026da57fcdd0 Exception <a 'java/lang/NoSuchMethodError'{0x000000070c5e3a48}: 'java.lang.Object java.lang.invoke.DirectMethodHandle$Holder.invokeStatic(java.lang.Object, java.lang.Object, java.lang.Object, int, int, java.lang.Object, java.lang.Object, java.lang.Object, java.lang.Object)'> (0x000000070c5e3a48) 
thrown [s\src\hotspot\share\interpreter\linkResolver.cpp, line 771]
Event: 27.541 Thread 0x0000026da57fcdd0 Exception <a 'java/lang/NoSuchMethodError'{0x000000070c5edd10}: 'java.lang.Object java.lang.invoke.DirectMethodHandle$Holder.newInvokeSpecial(java.lang.Object, java.lang.Object, java.lang.Object, int, int, java.lang.Object)'> (0x000000070c5edd10) 
thrown [s\src\hotspot\share\interpreter\linkResolver.cpp, line 771]
Event: 27.542 Thread 0x0000026da57fcdd0 Exception <a 'java/lang/NoSuchMethodError'{0x000000070c5f56b0}: 'java.lang.Object java.lang.invoke.Invokers$Holder.linkToTargetMethod(java.lang.Object, java.lang.Object, int, int, java.lang.Object, java.lang.Object)'> (0x000000070c5f56b0) 
thrown [s\src\hotspot\share\interpreter\linkResolver.cpp, line 771]
Event: 31.889 Thread 0x0000026da57fcdd0 Implicit null exception at 0x0000026db0e47e60 to 0x0000026db0e4b92c
Event: 31.889 Thread 0x0000026da57fcdd0 Implicit null exception at 0x0000026db0e4fb50 to 0x0000026db0e4fbd0

VM Operations (20 events):
Event: 29.885 Executing VM operation: G1CollectForAllocation done
Event: 30.166 Executing VM operation: ICBufferFull
Event: 30.167 Executing VM operation: ICBufferFull done
Event: 30.358 Executing VM operation: ICBufferFull
Event: 30.359 Executing VM operation: ICBufferFull done
Event: 30.569 Executing VM operation: HandshakeAllThreads
Event: 30.569 Executing VM operation: HandshakeAllThreads done
Event: 30.672 Executing VM operation: HandshakeAllThreads
Event: 30.672 Executing VM operation: HandshakeAllThreads done
Event: 30.673 Executing VM operation: HandshakeAllThreads
Event: 30.673 Executing VM operation: HandshakeAllThreads done
Event: 31.082 Executing VM operation: ICBufferFull
Event: 31.082 Executing VM operation: ICBufferFull done
Event: 31.553 Executing VM operation: HandshakeAllThreads
Event: 31.553 Executing VM operation: HandshakeAllThreads done
Event: 31.720 Executing VM operation: HandshakeAllThreads
Event: 31.720 Executing VM operation: HandshakeAllThreads done
Event: 31.816 Executing VM operation: G1CollectForAllocation
Event: 31.829 Executing VM operation: G1CollectForAllocation done
Event: 31.980 Executing VM operation: G1Concurrent

Events (20 events):
Event: 29.616 Thread 0x0000026dc4ca7c20 flushing nmethod 0x0000026daab57d10
Event: 29.616 Thread 0x0000026dc4ca7c20 flushing nmethod 0x0000026daab58090
Event: 29.616 Thread 0x0000026dc4ca7c20 flushing nmethod 0x0000026daab71090
Event: 29.616 Thread 0x0000026dc4ca7c20 flushing nmethod 0x0000026daab82210
Event: 29.616 Thread 0x0000026dc4ca7c20 flushing nmethod 0x0000026daab84f90
Event: 29.616 Thread 0x0000026dc4ca7c20 flushing nmethod 0x0000026daab85310
Event: 29.616 Thread 0x0000026dc4ca7c20 flushing nmethod 0x0000026daab97390
Event: 29.616 Thread 0x0000026dc4ca7c20 flushing nmethod 0x0000026daabb3510
Event: 29.616 Thread 0x0000026dc4ca7c20 flushing nmethod 0x0000026daabba990
Event: 29.616 Thread 0x0000026dc4ca7c20 flushing nmethod 0x0000026daabbad10
Event: 29.616 Thread 0x0000026dc4ca7c20 flushing nmethod 0x0000026daabcda10
Event: 29.616 Thread 0x0000026dc4ca7c20 flushing nmethod 0x0000026daabd5c10
Event: 29.616 Thread 0x0000026dc4ca7c20 flushing nmethod 0x0000026daabd5f90
Event: 31.490 loading class java/lang/invoke/BoundMethodHandle$Species_LLLLLLLLLL
Event: 31.490 loading class java/lang/invoke/BoundMethodHandle$Species_LLLLLLLLLL done
Event: 31.491 loading class java/lang/invoke/BoundMethodHandle$Species_LLLLLLLLLLL
Event: 31.491 loading class java/lang/invoke/BoundMethodHandle$Species_LLLLLLLLLLL done
Event: 31.645 Thread 0x0000026dcc28dfb0 Thread exited: 0x0000026dcc28dfb0
Event: 31.876 Thread 0x0000026dcc28a800 Thread exited: 0x0000026dcc28a800
Event: 31.958 Thread 0x0000026dcc28d590 Thread added: 0x0000026dcc28d590


Dynamic libraries:
0x00007ff6870d0000 - 0x00007ff6870da000 	C:\Program Files\Android\Android Studio\jbr\bin\java.exe
0x00007ff899980000 - 0x00007ff899b87000 	C:\WINDOWS\SYSTEM32\ntdll.dll
0x00007ff898740000 - 0x00007ff8987fd000 	C:\WINDOWS\System32\KERNEL32.DLL
0x00007ff897120000 - 0x00007ff897492000 	C:\WINDOWS\System32\KERNELBASE.dll
0x00007ff897730000 - 0x00007ff897841000 	C:\WINDOWS\System32\ucrtbase.dll
0x00007ff886350000 - 0x00007ff88636b000 	C:\Program Files\Android\Android Studio\jbr\bin\VCRUNTIME140.dll
0x00007ff87af50000 - 0x00007ff87af67000 	C:\Program Files\Android\Android Studio\jbr\bin\jli.dll
0x00007ff898ab0000 - 0x00007ff898c5c000 	C:\WINDOWS\System32\USER32.dll
0x00007ff880620000 - 0x00007ff8808c5000 	C:\WINDOWS\WinSxS\amd64_microsoft.windows.common-controls_6595b64144ccf1df_6.0.21996.1_none_7d6b053978bcd706\COMCTL32.dll
0x00007ff8970f0000 - 0x00007ff897116000 	C:\WINDOWS\System32\win32u.dll
0x00007ff898660000 - 0x00007ff898703000 	C:\WINDOWS\System32\msvcrt.dll
0x00007ff8981e0000 - 0x00007ff898209000 	C:\WINDOWS\System32\GDI32.dll
0x00007ff896fd0000 - 0x00007ff8970e2000 	C:\WINDOWS\System32\gdi32full.dll
0x00007ff8974a0000 - 0x00007ff89753d000 	C:\WINDOWS\System32\msvcp_win.dll
0x00007ff899770000 - 0x00007ff8997a1000 	C:\WINDOWS\System32\IMM32.DLL
0x00007ff88fd00000 - 0x00007ff88fd0c000 	C:\Program Files\Android\Android Studio\jbr\bin\vcruntime140_1.dll
0x00007ff877f70000 - 0x00007ff877ffd000 	C:\Program Files\Android\Android Studio\jbr\bin\msvcp140.dll
0x00007ff8289d0000 - 0x00007ff82963e000 	C:\Program Files\Android\Android Studio\jbr\bin\server\jvm.dll
0x00007ff899890000 - 0x00007ff89993c000 	C:\WINDOWS\System32\ADVAPI32.dll
0x00007ff8996d0000 - 0x00007ff89976d000 	C:\WINDOWS\System32\sechost.dll
0x00007ff8980b0000 - 0x00007ff8981d1000 	C:\WINDOWS\System32\RPCRT4.dll
0x00007ff893f20000 - 0x00007ff893f29000 	C:\WINDOWS\SYSTEM32\WSOCK32.dll
0x00007ff88f9e0000 - 0x00007ff88fa13000 	C:\WINDOWS\SYSTEM32\WINMM.dll
0x00007ff88f310000 - 0x00007ff88f31a000 	C:\WINDOWS\SYSTEM32\VERSION.dll
0x00007ff8985f0000 - 0x00007ff89865f000 	C:\WINDOWS\System32\WS2_32.dll
0x00007ff8960c0000 - 0x00007ff8960d7000 	C:\WINDOWS\SYSTEM32\kernel.appcore.dll
0x00007ff893f10000 - 0x00007ff893f1a000 	C:\Program Files\Android\Android Studio\jbr\bin\jimage.dll
0x00007ff894190000 - 0x00007ff8943b1000 	C:\WINDOWS\SYSTEM32\DBGHELP.DLL
0x00007ff87abb0000 - 0x00007ff87abe1000 	C:\WINDOWS\SYSTEM32\dbgcore.DLL
0x00007ff897540000 - 0x00007ff8975c0000 	C:\WINDOWS\System32\bcryptPrimitives.dll
0x00007ff881900000 - 0x00007ff881925000 	C:\Program Files\Android\Android Studio\jbr\bin\java.dll
0x00007ff8863a0000 - 0x00007ff8863b8000 	C:\Program Files\Android\Android Studio\jbr\bin\zip.dll
0x00007ff897850000 - 0x00007ff897fb9000 	C:\WINDOWS\System32\SHELL32.dll
0x00007ff895060000 - 0x00007ff8958b8000 	C:\WINDOWS\SYSTEM32\windows.storage.dll
0x00007ff899180000 - 0x00007ff8994f5000 	C:\WINDOWS\System32\combase.dll
0x00007ff894ef0000 - 0x00007ff895056000 	C:\WINDOWS\SYSTEM32\wintypes.dll
0x00007ff897fc0000 - 0x00007ff8980aa000 	C:\WINDOWS\System32\SHCORE.dll
0x00007ff898980000 - 0x00007ff8989dd000 	C:\WINDOWS\System32\shlwapi.dll
0x00007ff896dd0000 - 0x00007ff896df1000 	C:\WINDOWS\SYSTEM32\profapi.dll
0x00007ff885b90000 - 0x00007ff885ba9000 	C:\Program Files\Android\Android Studio\jbr\bin\net.dll
0x00007ff88f8d0000 - 0x00007ff88f9dc000 	C:\WINDOWS\SYSTEM32\WINHTTP.dll
0x00007ff8964d0000 - 0x00007ff896537000 	C:\WINDOWS\system32\mswsock.dll
0x00007ff882000000 - 0x00007ff882016000 	C:\Program Files\Android\Android Studio\jbr\bin\nio.dll
0x00007ff893310000 - 0x00007ff893320000 	C:\Program Files\Android\Android Studio\jbr\bin\verify.dll

dbghelp: loaded successfully - version: 4.0.5 - missing functions: none
symbol engine: initialized successfully - sym options: 0x614 - pdb path: .;C:\Program Files\Android\Android Studio\jbr\bin;C:\WINDOWS\SYSTEM32;C:\WINDOWS\WinSxS\amd64_microsoft.windows.common-controls_6595b64144ccf1df_6.0.21996.1_none_7d6b053978bcd706;C:\Program Files\Android\Android Studio\jbr\bin\server

VM Arguments:
java_command: org.jetbrains.kotlin.cli.jvm.K2JVMCompiler @E:\Jetpack compose\jajanmania-mobile\ui\build\20231118_18182141642716879296.compiler.options
java_class_path (initial): C:\Users\Asus\.gradle\caches\modules-2\files-2.1\org.jetbrains.kotlin\kotlin-compiler-embeddable\1.8.10\b0757fd774344d54ce93f5ad6c30ba1c1731c8ff\kotlin-compiler-embeddable-1.8.10.jar;C:\Users\Asus\.gradle\caches\modules-2\files-2.1\org.jetbrains.kotlin\kotlin-stdlib\1.8.10\6d5560a229477df9406943d5feda5618e98eb64c\kotlin-stdlib-1.8.10.jar;C:\Users\Asus\.gradle\caches\modules-2\files-2.1\org.jetbrains.kotlin\kotlin-script-runtime\1.8.10\b13ea9c7e46d589139e56086a878763290e20bd5\kotlin-script-runtime-1.8.10.jar;C:\Users\Asus\.gradle\caches\modules-2\files-2.1\org.jetbrains.kotlin\kotlin-reflect\1.6.10\1cbe9c92c12a94eea200d23c2bbaedaf3daf5132\kotlin-reflect-1.6.10.jar;C:\Users\Asus\.gradle\caches\modules-2\files-2.1\org.jetbrains.kotlin\kotlin-daemon-embeddable\1.8.10\ad8541d9bc1cf9e52c3204161247910c2cf601d4\kotlin-daemon-embeddable-1.8.10.jar;C:\Users\Asus\.gradle\caches\modules-2\files-2.1\org.jetbrains.intellij.deps\trove4j\1.0.20200330\3afb14d5f9ceb459d724e907a21145e8ff394f02\trove4j-1.0.20200330.jar;C:\Users\Asus\.gradle\caches\modules-2\files-2.1\net.java.dev.jna\jna\5.6.0\330f2244e9030119ab3030fc3fededc86713d9cc\jna-5.6.0.jar;C:\Users\Asus\.gradle\caches\modules-2\files-2.1\org.jetbrains.kotlin\kotlin-stdlib-common\1.8.10\a61b182458550492c12aee66157d7b524a63a5ec\kotlin-stdlib-common-1.8.10.jar;C:\Users\Asus\.gradle\caches\modules-2\files-2.1\org.jetbrains\annotations\13.0\919f0dfe192fb4e063e7dacadee7f8bb9a2672a9\annotations-13.0.jar
Launcher Type: SUN_STANDARD

[Global flags]
     intx CICompilerCount                          = 4                                         {product} {ergonomic}
     uint ConcGCThreads                            = 2                                         {product} {ergonomic}
     uint G1ConcRefinementThreads                  = 8                                         {product} {ergonomic}
   size_t G1HeapRegionSize                         = 2097152                                   {product} {ergonomic}
    uintx GCDrainStackTargetSize                   = 64                                        {product} {ergonomic}
   size_t InitialHeapSize                          = 266338304                                 {product} {ergonomic}
   size_t MarkStackSize                            = 4194304                                   {product} {ergonomic}
   size_t MaxHeapSize                              = 4257218560                                {product} {ergonomic}
   size_t MaxNewSize                               = 2554331136                                {product} {ergonomic}
   size_t MinHeapDeltaBytes                        = 2097152                                   {product} {ergonomic}
   size_t MinHeapSize                              = 8388608                                   {product} {ergonomic}
    uintx NonNMethodCodeHeapSize                   = 5839372                                {pd product} {ergonomic}
    uintx NonProfiledCodeHeapSize                  = 122909434                              {pd product} {ergonomic}
    uintx ProfiledCodeHeapSize                     = 122909434                              {pd product} {ergonomic}
    uintx ReservedCodeCacheSize                    = 251658240                              {pd product} {ergonomic}
     bool SegmentedCodeCache                       = true                                      {product} {ergonomic}
   size_t SoftMaxHeapSize                          = 4257218560                             {manageable} {ergonomic}
     bool UseCompressedClassPointers               = true                           {product lp64_product} {ergonomic}
     bool UseCompressedOops                        = true                           {product lp64_product} {ergonomic}
     bool UseG1GC                                  = true                                      {product} {ergonomic}
     bool UseLargePagesIndividualAllocation        = false                                  {pd product} {ergonomic}

Logging:
Log output configuration:
 #0: stdout all=warning uptime,level,tags
 #1: stderr all=off uptime,level,tags

Environment Variables:
JAVA_HOME=C:\Program Files\Zulu\zulu-8\
PATH=C:\Program Files\Zulu\zulu-8\bin\;C:\Program Files (x86)\Common Files\Oracle\Java\javapath;C:\WINDOWS\system32;C:\WINDOWS;C:\WINDOWS\System32\Wbem;C:\WINDOWS\System32\WindowsPowerShell\v1.0\;C:\WINDOWS\System32\OpenSSH\;C:\Program Files (x86)\NVIDIA Corporation\PhysX\Common;C:\Program Files\dotnet\;C:\Program Files\Microsoft SQL Server\130\Tools\Binn\;C:\Program Files\Microsoft SQL Server\Client SDK\ODBC\170\Tools\Binn\;C:\Program Files (x86)\Microsoft SQL Server\100\Tools\Binn\;C:\Program Files (x86)\Microsoft SQL Server\100\DTS\Binn\;C:\Program Files (x86)\Microsoft SQL Server\100\Tools\Binn\VSShell\Common7\IDE\;C:\Program Files\Microsoft\Web Platform Installer\;C:\Program Files (x86)\Microsoft ASP.NET\ASP.NET Web Pages\v1.0\;C:\Program Files\Microsoft SQL Server\110\Tools\Binn\;C:\Program Files\NVIDIA Corporation\NVIDIA NvDLISR;C:\Program Files\Git\cmd;C:\src\flutter\bin;C:\Users\Asus\AppData\Local\Programs\Python\Python39\Scripts;C:\Users\Asus\AppData\Roaming\nvm;C:\Program Files\nodejs;C:\Program Files\Java\jdk1.8.0_202\bin;C:\gradle\gradle-8.1.1\bin;C:\xampp\php;C:\composer;C:\Program Files (x86)\Common Files\Oracle\Java\javapath;C:\WINDOWS\system32;C:\WINDOWS;C:\WINDOWS\System32\Wbem;C:\WINDOWS\System32\WindowsPowerShell\v1.0\;C:\WINDOWS\System32\OpenSSH\;C:\Program Files (x86)\NVIDIA Corporation\PhysX\Common;C:\Program Files\dotnet\;C:\Program Files\Microsoft SQL Server\130\Tools\Binn\;C:\Program Files\Microsoft SQL Server\Client SDK\ODBC\170\Tools\Binn\;C:\Program Files (x86)\Microsoft SQL Server\100\Tools\Binn\;C:\Program Files (x86)\Microsoft SQL Server\100\DTS\Binn\;C:\Program Files (x86)\Microsoft SQL Server\100\Tools\Binn\VSShell\Common7\IDE\;C:\Program Files\Microsoft\Web Platform Installer\;C:\Program Files (x86)\Microsoft ASP.NET\ASP.NET Web Pages\v1.0\;C:\Program Files\Microsoft SQL Server\110\Tools\Binn\;C:\Program Files\NVIDIA Corporation\NVIDIA NvDLISR;C:\Program Files\Git\cmd;C:\src\flutter\bin;D:\xampp\php;C:\Users\Asus\AppData\Local\Program
USERNAME=Asus
OS=Windows_NT
PROCESSOR_IDENTIFIER=Intel64 Family 6 Model 158 Stepping 10, GenuineIntel
TMP=C:\Users\Asus\AppData\Local\Temp
TEMP=C:\Users\Asus\AppData\Local\Temp


JNI global refs:
JNI global refs: 11, weak refs: 19

JNI global refs memory usage: 843, weak refs: 841


---------------  S Y S T E M  ---------------

OS:
 Windows 10 , 64 bit Build 21996 (10.0.21996.1)
OS uptime: 7 days 20:07 hours

CPU: total 8 (initial active 8) (4 cores per cpu, 2 threads per core) family 6 model 158 stepping 10 microcode 0xde, cx8, cmov, fxsr, ht, mmx, 3dnowpref, sse, sse2, sse3, ssse3, sse4.1, sse4.2, popcnt, lzcnt, tsc, tscinvbit, avx, avx2, aes, erms, clmul, bmi1, bmi2, adx, fma, vzeroupper, clflush, clflushopt

Memory: 4k page, system-wide physical 16236M (899M free)
TotalPageFile size 18284M (AvailPageFile size 11M)
current process WorkingSet (physical memory assigned to process): 414M, peak: 430M
current process commit charge ("private bytes"): 454M, peak: 476M

vm_info: OpenJDK 64-Bit Server VM (17.0.6+0-b2043.56-10027231) for windows-amd64 JRE (17.0.6+0-b2043.56-10027231), built on Apr 28 2023 00:43:19 by "androidbuild" with MS VC++ 16.10 / 16.11 (VS2019)

END.
